2025-08-08 05:32:31 [ERROR]: unhandledRejection: Cannot read properties of undefined (reading 'set')
TypeError: Cannot read properties of undefined (reading 'set')
    at C:\Users\MYSELF\medflect-mvp\server\middleware\rateLimiter.js:65:11
    at process.processTicksAndRejections (node:internal/process/task_queues:105:5) {"error":{},"rejection":true,"date":"Fri Aug 08 2025 05:32:31 GMT-0700 (Pacific Daylight Time)","process":{"pid":16400,"uid":null,"gid":null,"cwd":"C:\\Users\\MYSELF\\medflect-mvp","execPath":"C:\\Program Files\\nodejs\\node.exe","version":"v22.18.0","argv":["C:\\Program Files\\nodejs\\node.exe","C:\\Users\\MYSELF\\medflect-mvp\\server\\index.js"],"memoryUsage":{"rss":59379712,"heapTotal":34078720,"heapUsed":17100072,"external":2366682,"arrayBuffers":18835}},"os":{"loadavg":[0,0,0],"uptime":10367.468},"trace":[{"column":11,"file":"C:\\Users\\MYSELF\\medflect-mvp\\server\\middleware\\rateLimiter.js","function":null,"line":65,"method":null,"native":false},{"column":5,"file":"node:internal/process/task_queues","function":"process.processTicksAndRejections","line":105,"method":"processTicksAndRejections","native":false}],"service":"medflect-ai","hospital":"37 Military Hospital","environment":"development"}
TypeError: Cannot read properties of undefined (reading 'set')
    at C:\Users\MYSELF\medflect-mvp\server\middleware\rateLimiter.js:65:11
    at process.processTicksAndRejections (node:internal/process/task_queues:105:5)
2025-08-08 05:32:32 [ERROR]: unhandledRejection: Cannot read properties of undefined (reading 'set')
TypeError: Cannot read properties of undefined (reading 'set')
    at C:\Users\MYSELF\medflect-mvp\server\middleware\rateLimiter.js:65:11
    at process.processTicksAndRejections (node:internal/process/task_queues:105:5) {"error":{},"rejection":true,"date":"Fri Aug 08 2025 05:32:32 GMT-0700 (Pacific Daylight Time)","process":{"pid":12896,"uid":null,"gid":null,"cwd":"C:\\Users\\MYSELF\\medflect-mvp","execPath":"C:\\Program Files\\nodejs\\node.exe","version":"v22.18.0","argv":["C:\\Program Files\\nodejs\\node.exe","C:\\Users\\MYSELF\\medflect-mvp\\server\\index.js"],"memoryUsage":{"rss":59506688,"heapTotal":34340864,"heapUsed":17194280,"external":2366682,"arrayBuffers":18835}},"os":{"loadavg":[0,0,0],"uptime":10367.875},"trace":[{"column":11,"file":"C:\\Users\\MYSELF\\medflect-mvp\\server\\middleware\\rateLimiter.js","function":null,"line":65,"method":null,"native":false},{"column":5,"file":"node:internal/process/task_queues","function":"process.processTicksAndRejections","line":105,"method":"processTicksAndRejections","native":false}],"service":"medflect-ai","hospital":"37 Military Hospital","environment":"development"}
TypeError: Cannot read properties of undefined (reading 'set')
    at C:\Users\MYSELF\medflect-mvp\server\middleware\rateLimiter.js:65:11
    at process.processTicksAndRejections (node:internal/process/task_queues:105:5)
2025-08-08 05:40:03 [ERROR]: unhandledRejection: Cannot read properties of undefined (reading 'set')
TypeError: Cannot read properties of undefined (reading 'set')
    at C:\Users\MYSELF\medflect-mvp\server\middleware\rateLimiter.js:65:11
    at process.processTicksAndRejections (node:internal/process/task_queues:105:5) {"error":{},"rejection":true,"date":"Fri Aug 08 2025 05:40:03 GMT-0700 (Pacific Daylight Time)","process":{"pid":13252,"uid":null,"gid":null,"cwd":"C:\\Users\\MYSELF\\medflect-mvp","execPath":"C:\\Program Files\\nodejs\\node.exe","version":"v22.18.0","argv":["C:\\Program Files\\nodejs\\node.exe"],"memoryUsage":{"rss":59486208,"heapTotal":32505856,"heapUsed":17537920,"external":2415908,"arrayBuffers":18699}},"os":{"loadavg":[0,0,0],"uptime":10818.875},"trace":[{"column":11,"file":"C:\\Users\\MYSELF\\medflect-mvp\\server\\middleware\\rateLimiter.js","function":null,"line":65,"method":null,"native":false},{"column":5,"file":"node:internal/process/task_queues","function":"process.processTicksAndRejections","line":105,"method":"processTicksAndRejections","native":false}],"service":"medflect-ai","hospital":"37 Military Hospital","environment":"development"}
TypeError: Cannot read properties of undefined (reading 'set')
    at C:\Users\MYSELF\medflect-mvp\server\middleware\rateLimiter.js:65:11
    at process.processTicksAndRejections (node:internal/process/task_queues:105:5)
2025-08-08 08:21:19 [ERROR]: unhandledRejection: Cannot read properties of undefined (reading 'set')
TypeError: Cannot read properties of undefined (reading 'set')
    at C:\Users\MYSELF\medflect-mvp\server\middleware\rateLimiter.js:65:11
    at process.processTicksAndRejections (node:internal/process/task_queues:105:5) {"error":{},"rejection":true,"date":"Fri Aug 08 2025 08:21:19 GMT-0700 (Pacific Daylight Time)","process":{"pid":14232,"uid":null,"gid":null,"cwd":"C:\\Users\\MYSELF\\medflect-mvp","execPath":"C:\\Program Files\\nodejs\\node.exe","version":"v22.18.0","argv":["C:\\Program Files\\nodejs\\node.exe","C:\\Users\\MYSELF\\medflect-mvp\\server\\index.js"],"memoryUsage":{"rss":74096640,"heapTotal":34697216,"heapUsed":21058136,"external":2474860,"arrayBuffers":19539}},"os":{"loadavg":[0,0,0],"uptime":20495},"trace":[{"column":11,"file":"C:\\Users\\MYSELF\\medflect-mvp\\server\\middleware\\rateLimiter.js","function":null,"line":65,"method":null,"native":false},{"column":5,"file":"node:internal/process/task_queues","function":"process.processTicksAndRejections","line":105,"method":"processTicksAndRejections","native":false}],"service":"medflect-ai","hospital":"37 Military Hospital","environment":"development"}
TypeError: Cannot read properties of undefined (reading 'set')
    at C:\Users\MYSELF\medflect-mvp\server\middleware\rateLimiter.js:65:11
    at process.processTicksAndRejections (node:internal/process/task_queues:105:5)
2025-08-08 08:21:19 [ERROR]: unhandledRejection: Cannot read properties of undefined (reading 'set')
TypeError: Cannot read properties of undefined (reading 'set')
    at C:\Users\MYSELF\medflect-mvp\server\middleware\rateLimiter.js:65:11
    at process.processTicksAndRejections (node:internal/process/task_queues:105:5) {"error":{},"rejection":true,"date":"Fri Aug 08 2025 08:21:19 GMT-0700 (Pacific Daylight Time)","process":{"pid":8056,"uid":null,"gid":null,"cwd":"C:\\Users\\MYSELF\\medflect-mvp","execPath":"C:\\Program Files\\nodejs\\node.exe","version":"v22.18.0","argv":["C:\\Program Files\\nodejs\\node.exe","C:\\Users\\MYSELF\\medflect-mvp\\server\\index.js"],"memoryUsage":{"rss":74416128,"heapTotal":34697216,"heapUsed":21086944,"external":2474860,"arrayBuffers":19539}},"os":{"loadavg":[0,0,0],"uptime":20495.265},"trace":[{"column":11,"file":"C:\\Users\\MYSELF\\medflect-mvp\\server\\middleware\\rateLimiter.js","function":null,"line":65,"method":null,"native":false},{"column":5,"file":"node:internal/process/task_queues","function":"process.processTicksAndRejections","line":105,"method":"processTicksAndRejections","native":false}],"service":"medflect-ai","hospital":"37 Military Hospital","environment":"development"}
TypeError: Cannot read properties of undefined (reading 'set')
    at C:\Users\MYSELF\medflect-mvp\server\middleware\rateLimiter.js:65:11
    at process.processTicksAndRejections (node:internal/process/task_queues:105:5)
2025-08-08 08:42:06 [ERROR]: unhandledRejection: Cannot read properties of undefined (reading 'set')
TypeError: Cannot read properties of undefined (reading 'set')
    at C:\Users\MYSELF\medflect-mvp\server\middleware\rateLimiter.js:65:11
    at process.processTicksAndRejections (node:internal/process/task_queues:105:5) {"error":{},"rejection":true,"date":"Fri Aug 08 2025 08:42:06 GMT-0700 (Pacific Daylight Time)","process":{"pid":8112,"uid":null,"gid":null,"cwd":"C:\\Users\\MYSELF\\medflect-mvp","execPath":"C:\\Program Files\\nodejs\\node.exe","version":"v22.18.0","argv":["C:\\Program Files\\nodejs\\node.exe","C:\\Users\\MYSELF\\medflect-mvp\\server\\index.js"],"memoryUsage":{"rss":67272704,"heapTotal":34959360,"heapUsed":21117824,"external":2474860,"arrayBuffers":19539}},"os":{"loadavg":[0,0,0],"uptime":21742.812},"trace":[{"column":11,"file":"C:\\Users\\MYSELF\\medflect-mvp\\server\\middleware\\rateLimiter.js","function":null,"line":65,"method":null,"native":false},{"column":5,"file":"node:internal/process/task_queues","function":"process.processTicksAndRejections","line":105,"method":"processTicksAndRejections","native":false}],"service":"medflect-ai","hospital":"37 Military Hospital","environment":"development"}
TypeError: Cannot read properties of undefined (reading 'set')
    at C:\Users\MYSELF\medflect-mvp\server\middleware\rateLimiter.js:65:11
    at process.processTicksAndRejections (node:internal/process/task_queues:105:5)
2025-08-08 08:46:01 [ERROR]: unhandledRejection: Cannot read properties of undefined (reading 'set')
TypeError: Cannot read properties of undefined (reading 'set')
    at C:\Users\MYSELF\medflect-mvp\server\middleware\rateLimiter.js:65:11
    at process.processTicksAndRejections (node:internal/process/task_queues:105:5) {"error":{},"rejection":true,"date":"Fri Aug 08 2025 08:46:01 GMT-0700 (Pacific Daylight Time)","process":{"pid":17128,"uid":null,"gid":null,"cwd":"C:\\Users\\MYSELF\\medflect-mvp","execPath":"C:\\Program Files\\nodejs\\node.exe","version":"v22.18.0","argv":["C:\\Program Files\\nodejs\\node.exe","C:\\Users\\MYSELF\\medflect-mvp\\server\\index.js"],"memoryUsage":{"rss":69771264,"heapTotal":34697216,"heapUsed":20797480,"external":2474860,"arrayBuffers":19539}},"os":{"loadavg":[0,0,0],"uptime":21977.656},"trace":[{"column":11,"file":"C:\\Users\\MYSELF\\medflect-mvp\\server\\middleware\\rateLimiter.js","function":null,"line":65,"method":null,"native":false},{"column":5,"file":"node:internal/process/task_queues","function":"process.processTicksAndRejections","line":105,"method":"processTicksAndRejections","native":false}],"service":"medflect-ai","hospital":"37 Military Hospital","environment":"development"}
TypeError: Cannot read properties of undefined (reading 'set')
    at C:\Users\MYSELF\medflect-mvp\server\middleware\rateLimiter.js:65:11
    at process.processTicksAndRejections (node:internal/process/task_queues:105:5)
2025-08-08 08:48:47 [ERROR]: unhandledRejection: Cannot read properties of undefined (reading 'set')
TypeError: Cannot read properties of undefined (reading 'set')
    at C:\Users\MYSELF\medflect-mvp\server\middleware\rateLimiter.js:65:11
    at process.processTicksAndRejections (node:internal/process/task_queues:105:5) {"error":{},"rejection":true,"date":"Fri Aug 08 2025 08:48:47 GMT-0700 (Pacific Daylight Time)","process":{"pid":492,"uid":null,"gid":null,"cwd":"C:\\Users\\MYSELF\\medflect-mvp","execPath":"C:\\Program Files\\nodejs\\node.exe","version":"v22.18.0","argv":["C:\\Program Files\\nodejs\\node.exe","C:\\Users\\MYSELF\\medflect-mvp\\server\\index.js"],"memoryUsage":{"rss":72265728,"heapTotal":34697216,"heapUsed":21041392,"external":2474860,"arrayBuffers":19539}},"os":{"loadavg":[0,0,0],"uptime":22143.531},"trace":[{"column":11,"file":"C:\\Users\\MYSELF\\medflect-mvp\\server\\middleware\\rateLimiter.js","function":null,"line":65,"method":null,"native":false},{"column":5,"file":"node:internal/process/task_queues","function":"process.processTicksAndRejections","line":105,"method":"processTicksAndRejections","native":false}],"service":"medflect-ai","hospital":"37 Military Hospital","environment":"development"}
TypeError: Cannot read properties of undefined (reading 'set')
    at C:\Users\MYSELF\medflect-mvp\server\middleware\rateLimiter.js:65:11
    at process.processTicksAndRejections (node:internal/process/task_queues:105:5)
2025-08-08 08:51:01 [ERROR]: unhandledRejection: Cannot read properties of undefined (reading 'set')
TypeError: Cannot read properties of undefined (reading 'set')
    at C:\Users\MYSELF\medflect-mvp\server\middleware\rateLimiter.js:65:11
    at process.processTicksAndRejections (node:internal/process/task_queues:105:5) {"error":{},"rejection":true,"date":"Fri Aug 08 2025 08:51:01 GMT-0700 (Pacific Daylight Time)","process":{"pid":4956,"uid":null,"gid":null,"cwd":"C:\\Users\\MYSELF\\medflect-mvp","execPath":"C:\\Program Files\\nodejs\\node.exe","version":"v22.18.0","argv":["C:\\Program Files\\nodejs\\node.exe","C:\\Users\\MYSELF\\medflect-mvp\\server\\index.js"],"memoryUsage":{"rss":70156288,"heapTotal":34959360,"heapUsed":20983280,"external":2474860,"arrayBuffers":19539}},"os":{"loadavg":[0,0,0],"uptime":22277.078},"trace":[{"column":11,"file":"C:\\Users\\MYSELF\\medflect-mvp\\server\\middleware\\rateLimiter.js","function":null,"line":65,"method":null,"native":false},{"column":5,"file":"node:internal/process/task_queues","function":"process.processTicksAndRejections","line":105,"method":"processTicksAndRejections","native":false}],"service":"medflect-ai","hospital":"37 Military Hospital","environment":"development"}
TypeError: Cannot read properties of undefined (reading 'set')
    at C:\Users\MYSELF\medflect-mvp\server\middleware\rateLimiter.js:65:11
    at process.processTicksAndRejections (node:internal/process/task_queues:105:5)
2025-08-08 08:53:01 [ERROR]: unhandledRejection: Cannot read properties of undefined (reading 'set')
TypeError: Cannot read properties of undefined (reading 'set')
    at C:\Users\MYSELF\medflect-mvp\server\middleware\rateLimiter.js:65:11
    at process.processTicksAndRejections (node:internal/process/task_queues:105:5) {"error":{},"rejection":true,"date":"Fri Aug 08 2025 08:53:01 GMT-0700 (Pacific Daylight Time)","process":{"pid":4916,"uid":null,"gid":null,"cwd":"C:\\Users\\MYSELF\\medflect-mvp","execPath":"C:\\Program Files\\nodejs\\node.exe","version":"v22.18.0","argv":["C:\\Program Files\\nodejs\\node.exe","C:\\Users\\MYSELF\\medflect-mvp\\server\\index.js"],"memoryUsage":{"rss":70385664,"heapTotal":34697216,"heapUsed":21092232,"external":2474860,"arrayBuffers":19539}},"os":{"loadavg":[0,0,0],"uptime":22397.406},"trace":[{"column":11,"file":"C:\\Users\\MYSELF\\medflect-mvp\\server\\middleware\\rateLimiter.js","function":null,"line":65,"method":null,"native":false},{"column":5,"file":"node:internal/process/task_queues","function":"process.processTicksAndRejections","line":105,"method":"processTicksAndRejections","native":false}],"service":"medflect-ai","hospital":"37 Military Hospital","environment":"development"}
TypeError: Cannot read properties of undefined (reading 'set')
    at C:\Users\MYSELF\medflect-mvp\server\middleware\rateLimiter.js:65:11
    at process.processTicksAndRejections (node:internal/process/task_queues:105:5)
2025-08-08 08:53:02 [ERROR]: unhandledRejection: Cannot read properties of undefined (reading 'set')
TypeError: Cannot read properties of undefined (reading 'set')
    at C:\Users\MYSELF\medflect-mvp\server\middleware\rateLimiter.js:65:11
    at process.processTicksAndRejections (node:internal/process/task_queues:105:5) {"error":{},"rejection":true,"date":"Fri Aug 08 2025 08:53:02 GMT-0700 (Pacific Daylight Time)","process":{"pid":3296,"uid":null,"gid":null,"cwd":"C:\\Users\\MYSELF\\medflect-mvp","execPath":"C:\\Program Files\\nodejs\\node.exe","version":"v22.18.0","argv":["C:\\Program Files\\nodejs\\node.exe","C:\\Users\\MYSELF\\medflect-mvp\\server\\index.js"],"memoryUsage":{"rss":70582272,"heapTotal":34697216,"heapUsed":21174656,"external":2474860,"arrayBuffers":19539}},"os":{"loadavg":[0,0,0],"uptime":22397.843},"trace":[{"column":11,"file":"C:\\Users\\MYSELF\\medflect-mvp\\server\\middleware\\rateLimiter.js","function":null,"line":65,"method":null,"native":false},{"column":5,"file":"node:internal/process/task_queues","function":"process.processTicksAndRejections","line":105,"method":"processTicksAndRejections","native":false}],"service":"medflect-ai","hospital":"37 Military Hospital","environment":"development"}
TypeError: Cannot read properties of undefined (reading 'set')
    at C:\Users\MYSELF\medflect-mvp\server\middleware\rateLimiter.js:65:11
    at process.processTicksAndRejections (node:internal/process/task_queues:105:5)
2025-08-08 08:54:38 [ERROR]: unhandledRejection: Cannot read properties of undefined (reading 'set')
TypeError: Cannot read properties of undefined (reading 'set')
    at C:\Users\MYSELF\medflect-mvp\server\middleware\rateLimiter.js:65:22
    at process.processTicksAndRejections (node:internal/process/task_queues:105:5) {"error":{},"rejection":true,"date":"Fri Aug 08 2025 08:54:38 GMT-0700 (Pacific Daylight Time)","process":{"pid":9640,"uid":null,"gid":null,"cwd":"C:\\Users\\MYSELF\\medflect-mvp","execPath":"C:\\Program Files\\nodejs\\node.exe","version":"v22.18.0","argv":["C:\\Program Files\\nodejs\\node.exe","C:\\Users\\MYSELF\\medflect-mvp\\server\\index.js"],"memoryUsage":{"rss":70213632,"heapTotal":34697216,"heapUsed":20982224,"external":2474860,"arrayBuffers":19539}},"os":{"loadavg":[0,0,0],"uptime":22494.39},"trace":[{"column":22,"file":"C:\\Users\\MYSELF\\medflect-mvp\\server\\middleware\\rateLimiter.js","function":null,"line":65,"method":null,"native":false},{"column":5,"file":"node:internal/process/task_queues","function":"process.processTicksAndRejections","line":105,"method":"processTicksAndRejections","native":false}],"service":"medflect-ai","hospital":"37 Military Hospital","environment":"development"}
TypeError: Cannot read properties of undefined (reading 'set')
    at C:\Users\MYSELF\medflect-mvp\server\middleware\rateLimiter.js:65:22
    at process.processTicksAndRejections (node:internal/process/task_queues:105:5)
2025-08-08 08:54:38 [ERROR]: unhandledRejection: Cannot read properties of undefined (reading 'set')
TypeError: Cannot read properties of undefined (reading 'set')
    at C:\Users\MYSELF\medflect-mvp\server\middleware\rateLimiter.js:65:22
    at process.processTicksAndRejections (node:internal/process/task_queues:105:5) {"error":{},"rejection":true,"date":"Fri Aug 08 2025 08:54:38 GMT-0700 (Pacific Daylight Time)","process":{"pid":3020,"uid":null,"gid":null,"cwd":"C:\\Users\\MYSELF\\medflect-mvp","execPath":"C:\\Program Files\\nodejs\\node.exe","version":"v22.18.0","argv":["C:\\Program Files\\nodejs\\node.exe","C:\\Users\\MYSELF\\medflect-mvp\\server\\index.js"],"memoryUsage":{"rss":70443008,"heapTotal":34697216,"heapUsed":20972960,"external":2474860,"arrayBuffers":19539}},"os":{"loadavg":[0,0,0],"uptime":22494.578},"trace":[{"column":22,"file":"C:\\Users\\MYSELF\\medflect-mvp\\server\\middleware\\rateLimiter.js","function":null,"line":65,"method":null,"native":false},{"column":5,"file":"node:internal/process/task_queues","function":"process.processTicksAndRejections","line":105,"method":"processTicksAndRejections","native":false}],"service":"medflect-ai","hospital":"37 Military Hospital","environment":"development"}
TypeError: Cannot read properties of undefined (reading 'set')
    at C:\Users\MYSELF\medflect-mvp\server\middleware\rateLimiter.js:65:22
    at process.processTicksAndRejections (node:internal/process/task_queues:105:5)
2025-08-08 08:56:18 [ERROR]: unhandledRejection: Cannot read properties of undefined (reading 'set')
TypeError: Cannot read properties of undefined (reading 'set')
    at C:\Users\MYSELF\medflect-mvp\server\middleware\rateLimiter.js:65:22
    at process.processTicksAndRejections (node:internal/process/task_queues:105:5) {"error":{},"rejection":true,"date":"Fri Aug 08 2025 08:56:18 GMT-0700 (Pacific Daylight Time)","process":{"pid":17376,"uid":null,"gid":null,"cwd":"C:\\Users\\MYSELF\\medflect-mvp","execPath":"C:\\Program Files\\nodejs\\node.exe","version":"v22.18.0","argv":["C:\\Program Files\\nodejs\\node.exe","C:\\Users\\MYSELF\\medflect-mvp\\server\\index.js"],"memoryUsage":{"rss":70803456,"heapTotal":34697216,"heapUsed":21312888,"external":2474860,"arrayBuffers":19539}},"os":{"loadavg":[0,0,0],"uptime":22594.609},"trace":[{"column":22,"file":"C:\\Users\\MYSELF\\medflect-mvp\\server\\middleware\\rateLimiter.js","function":null,"line":65,"method":null,"native":false},{"column":5,"file":"node:internal/process/task_queues","function":"process.processTicksAndRejections","line":105,"method":"processTicksAndRejections","native":false}],"service":"medflect-ai","hospital":"37 Military Hospital","environment":"development"}
TypeError: Cannot read properties of undefined (reading 'set')
    at C:\Users\MYSELF\medflect-mvp\server\middleware\rateLimiter.js:65:22
    at process.processTicksAndRejections (node:internal/process/task_queues:105:5)
2025-08-08 08:56:24 [ERROR]: unhandledRejection: Cannot read properties of undefined (reading 'set')
TypeError: Cannot read properties of undefined (reading 'set')
    at C:\Users\MYSELF\medflect-mvp\server\middleware\rateLimiter.js:65:22
    at process.processTicksAndRejections (node:internal/process/task_queues:105:5) {"error":{},"rejection":true,"date":"Fri Aug 08 2025 08:56:24 GMT-0700 (Pacific Daylight Time)","process":{"pid":14148,"uid":null,"gid":null,"cwd":"C:\\Users\\MYSELF\\medflect-mvp","execPath":"C:\\Program Files\\nodejs\\node.exe","version":"v22.18.0","argv":["C:\\Program Files\\nodejs\\node.exe","C:\\Users\\MYSELF\\medflect-mvp\\server\\index.js"],"memoryUsage":{"rss":70463488,"heapTotal":34697216,"heapUsed":21049072,"external":2474860,"arrayBuffers":19539}},"os":{"loadavg":[0,0,0],"uptime":22600.406},"trace":[{"column":22,"file":"C:\\Users\\MYSELF\\medflect-mvp\\server\\middleware\\rateLimiter.js","function":null,"line":65,"method":null,"native":false},{"column":5,"file":"node:internal/process/task_queues","function":"process.processTicksAndRejections","line":105,"method":"processTicksAndRejections","native":false}],"service":"medflect-ai","hospital":"37 Military Hospital","environment":"development"}
TypeError: Cannot read properties of undefined (reading 'set')
    at C:\Users\MYSELF\medflect-mvp\server\middleware\rateLimiter.js:65:22
    at process.processTicksAndRejections (node:internal/process/task_queues:105:5)
2025-08-08 08:59:26 [ERROR]: unhandledRejection: Cannot read properties of undefined (reading 'set')
TypeError: Cannot read properties of undefined (reading 'set')
    at C:\Users\MYSELF\medflect-mvp\server\middleware\rateLimiter.js:65:22
    at process.processTicksAndRejections (node:internal/process/task_queues:105:5) {"error":{},"rejection":true,"date":"Fri Aug 08 2025 08:59:26 GMT-0700 (Pacific Daylight Time)","process":{"pid":15952,"uid":null,"gid":null,"cwd":"C:\\Users\\MYSELF\\medflect-mvp","execPath":"C:\\Program Files\\nodejs\\node.exe","version":"v22.18.0","argv":["C:\\Program Files\\nodejs\\node.exe","C:\\Users\\MYSELF\\medflect-mvp\\server\\index.js"],"memoryUsage":{"rss":67317760,"heapTotal":34697216,"heapUsed":21111088,"external":2474860,"arrayBuffers":19539}},"os":{"loadavg":[0,0,0],"uptime":22782.75},"trace":[{"column":22,"file":"C:\\Users\\MYSELF\\medflect-mvp\\server\\middleware\\rateLimiter.js","function":null,"line":65,"method":null,"native":false},{"column":5,"file":"node:internal/process/task_queues","function":"process.processTicksAndRejections","line":105,"method":"processTicksAndRejections","native":false}],"service":"medflect-ai","hospital":"37 Military Hospital","environment":"development"}
TypeError: Cannot read properties of undefined (reading 'set')
    at C:\Users\MYSELF\medflect-mvp\server\middleware\rateLimiter.js:65:22
    at process.processTicksAndRejections (node:internal/process/task_queues:105:5)
2025-08-08 08:59:30 [ERROR]: unhandledRejection: Cannot read properties of undefined (reading 'set')
TypeError: Cannot read properties of undefined (reading 'set')
    at C:\Users\MYSELF\medflect-mvp\server\middleware\rateLimiter.js:65:22
    at process.processTicksAndRejections (node:internal/process/task_queues:105:5) {"error":{},"rejection":true,"date":"Fri Aug 08 2025 08:59:30 GMT-0700 (Pacific Daylight Time)","process":{"pid":16164,"uid":null,"gid":null,"cwd":"C:\\Users\\MYSELF\\medflect-mvp","execPath":"C:\\Program Files\\nodejs\\node.exe","version":"v22.18.0","argv":["C:\\Program Files\\nodejs\\node.exe","C:\\Users\\MYSELF\\medflect-mvp\\server\\index.js"],"memoryUsage":{"rss":66998272,"heapTotal":34697216,"heapUsed":21090144,"external":2474860,"arrayBuffers":19539}},"os":{"loadavg":[0,0,0],"uptime":22786.187},"trace":[{"column":22,"file":"C:\\Users\\MYSELF\\medflect-mvp\\server\\middleware\\rateLimiter.js","function":null,"line":65,"method":null,"native":false},{"column":5,"file":"node:internal/process/task_queues","function":"process.processTicksAndRejections","line":105,"method":"processTicksAndRejections","native":false}],"service":"medflect-ai","hospital":"37 Military Hospital","environment":"development"}
TypeError: Cannot read properties of undefined (reading 'set')
    at C:\Users\MYSELF\medflect-mvp\server\middleware\rateLimiter.js:65:22
    at process.processTicksAndRejections (node:internal/process/task_queues:105:5)
2025-08-08 08:59:51 [ERROR]: unhandledRejection: Cannot read properties of undefined (reading 'set')
TypeError: Cannot read properties of undefined (reading 'set')
    at C:\Users\MYSELF\medflect-mvp\server\middleware\rateLimiter.js:65:22
    at process.processTicksAndRejections (node:internal/process/task_queues:105:5) {"error":{},"rejection":true,"date":"Fri Aug 08 2025 08:59:51 GMT-0700 (Pacific Daylight Time)","process":{"pid":5192,"uid":null,"gid":null,"cwd":"C:\\Users\\MYSELF\\medflect-mvp","execPath":"C:\\Program Files\\nodejs\\node.exe","version":"v22.18.0","argv":["C:\\Program Files\\nodejs\\node.exe","C:\\Users\\MYSELF\\medflect-mvp\\server\\index.js"],"memoryUsage":{"rss":67870720,"heapTotal":34697216,"heapUsed":21166856,"external":2474860,"arrayBuffers":19539}},"os":{"loadavg":[0,0,0],"uptime":22806.937},"trace":[{"column":22,"file":"C:\\Users\\MYSELF\\medflect-mvp\\server\\middleware\\rateLimiter.js","function":null,"line":65,"method":null,"native":false},{"column":5,"file":"node:internal/process/task_queues","function":"process.processTicksAndRejections","line":105,"method":"processTicksAndRejections","native":false}],"service":"medflect-ai","hospital":"37 Military Hospital","environment":"development"}
TypeError: Cannot read properties of undefined (reading 'set')
    at C:\Users\MYSELF\medflect-mvp\server\middleware\rateLimiter.js:65:22
    at process.processTicksAndRejections (node:internal/process/task_queues:105:5)
2025-08-08 09:01:27 [ERROR]: unhandledRejection: Cannot read properties of undefined (reading 'set')
TypeError: Cannot read properties of undefined (reading 'set')
    at C:\Users\MYSELF\medflect-mvp\server\middleware\rateLimiter.js:65:22
    at process.processTicksAndRejections (node:internal/process/task_queues:105:5) {"error":{},"rejection":true,"date":"Fri Aug 08 2025 09:01:27 GMT-0700 (Pacific Daylight Time)","process":{"pid":14364,"uid":null,"gid":null,"cwd":"C:\\Users\\MYSELF\\medflect-mvp","execPath":"C:\\Program Files\\nodejs\\node.exe","version":"v22.18.0","argv":["C:\\Program Files\\nodejs\\node.exe","C:\\Users\\MYSELF\\medflect-mvp\\server\\index.js"],"memoryUsage":{"rss":66686976,"heapTotal":36536320,"heapUsed":21713904,"external":2448496,"arrayBuffers":19363}},"os":{"loadavg":[0,0,0],"uptime":22903.453},"trace":[{"column":22,"file":"C:\\Users\\MYSELF\\medflect-mvp\\server\\middleware\\rateLimiter.js","function":null,"line":65,"method":null,"native":false},{"column":5,"file":"node:internal/process/task_queues","function":"process.processTicksAndRejections","line":105,"method":"processTicksAndRejections","native":false}],"service":"medflect-ai","hospital":"37 Military Hospital","environment":"development"}
TypeError: Cannot read properties of undefined (reading 'set')
    at C:\Users\MYSELF\medflect-mvp\server\middleware\rateLimiter.js:65:22
    at process.processTicksAndRejections (node:internal/process/task_queues:105:5)
2025-08-08 09:01:52 [ERROR]: unhandledRejection: Cannot read properties of undefined (reading 'set')
TypeError: Cannot read properties of undefined (reading 'set')
    at C:\Users\MYSELF\medflect-mvp\server\middleware\rateLimiter.js:65:22
    at process.processTicksAndRejections (node:internal/process/task_queues:105:5) {"error":{},"rejection":true,"date":"Fri Aug 08 2025 09:01:52 GMT-0700 (Pacific Daylight Time)","process":{"pid":16240,"uid":null,"gid":null,"cwd":"C:\\Users\\MYSELF\\medflect-mvp","execPath":"C:\\Program Files\\nodejs\\node.exe","version":"v22.18.0","argv":["C:\\Program Files\\nodejs\\node.exe","C:\\Users\\MYSELF\\medflect-mvp\\server\\index.js"],"memoryUsage":{"rss":67395584,"heapTotal":34697216,"heapUsed":21198256,"external":2474860,"arrayBuffers":19539}},"os":{"loadavg":[0,0,0],"uptime":22928.671},"trace":[{"column":22,"file":"C:\\Users\\MYSELF\\medflect-mvp\\server\\middleware\\rateLimiter.js","function":null,"line":65,"method":null,"native":false},{"column":5,"file":"node:internal/process/task_queues","function":"process.processTicksAndRejections","line":105,"method":"processTicksAndRejections","native":false}],"service":"medflect-ai","hospital":"37 Military Hospital","environment":"development"}
TypeError: Cannot read properties of undefined (reading 'set')
    at C:\Users\MYSELF\medflect-mvp\server\middleware\rateLimiter.js:65:22
    at process.processTicksAndRejections (node:internal/process/task_queues:105:5)
2025-08-08 09:07:15 [ERROR]: unhandledRejection: Cannot read properties of undefined (reading 'set')
TypeError: Cannot read properties of undefined (reading 'set')
    at C:\Users\MYSELF\medflect-mvp\server\middleware\rateLimiter.js:65:22
    at process.processTicksAndRejections (node:internal/process/task_queues:105:5) {"error":{},"rejection":true,"date":"Fri Aug 08 2025 09:07:15 GMT-0700 (Pacific Daylight Time)","process":{"pid":5300,"uid":null,"gid":null,"cwd":"C:\\Users\\MYSELF\\medflect-mvp","execPath":"C:\\Program Files\\nodejs\\node.exe","version":"v22.18.0","argv":["C:\\Program Files\\nodejs\\node.exe","C:\\Users\\MYSELF\\medflect-mvp\\server\\index.js"],"memoryUsage":{"rss":67342336,"heapTotal":34697216,"heapUsed":20916832,"external":2474860,"arrayBuffers":19539}},"os":{"loadavg":[0,0,0],"uptime":23251.015},"trace":[{"column":22,"file":"C:\\Users\\MYSELF\\medflect-mvp\\server\\middleware\\rateLimiter.js","function":null,"line":65,"method":null,"native":false},{"column":5,"file":"node:internal/process/task_queues","function":"process.processTicksAndRejections","line":105,"method":"processTicksAndRejections","native":false}],"service":"medflect-ai","hospital":"37 Military Hospital","environment":"development"}
TypeError: Cannot read properties of undefined (reading 'set')
    at C:\Users\MYSELF\medflect-mvp\server\middleware\rateLimiter.js:65:22
    at process.processTicksAndRejections (node:internal/process/task_queues:105:5)
2025-08-08 09:07:31 [ERROR]: unhandledRejection: Cannot read properties of undefined (reading 'set')
TypeError: Cannot read properties of undefined (reading 'set')
    at C:\Users\MYSELF\medflect-mvp\server\middleware\rateLimiter.js:65:22
    at process.processTicksAndRejections (node:internal/process/task_queues:105:5) {"error":{},"rejection":true,"date":"Fri Aug 08 2025 09:07:31 GMT-0700 (Pacific Daylight Time)","process":{"pid":14372,"uid":null,"gid":null,"cwd":"C:\\Users\\MYSELF\\medflect-mvp","execPath":"C:\\Program Files\\nodejs\\node.exe","version":"v22.18.0","argv":["C:\\Program Files\\nodejs\\node.exe","C:\\Users\\MYSELF\\medflect-mvp\\server\\index.js"],"memoryUsage":{"rss":67325952,"heapTotal":34697216,"heapUsed":21085680,"external":2474860,"arrayBuffers":19539}},"os":{"loadavg":[0,0,0],"uptime":23267.625},"trace":[{"column":22,"file":"C:\\Users\\MYSELF\\medflect-mvp\\server\\middleware\\rateLimiter.js","function":null,"line":65,"method":null,"native":false},{"column":5,"file":"node:internal/process/task_queues","function":"process.processTicksAndRejections","line":105,"method":"processTicksAndRejections","native":false}],"service":"medflect-ai","hospital":"37 Military Hospital","environment":"development"}
TypeError: Cannot read properties of undefined (reading 'set')
    at C:\Users\MYSELF\medflect-mvp\server\middleware\rateLimiter.js:65:22
    at process.processTicksAndRejections (node:internal/process/task_queues:105:5)
2025-08-08 09:08:28 [ERROR]: unhandledRejection: Cannot read properties of undefined (reading 'set')
TypeError: Cannot read properties of undefined (reading 'set')
    at C:\Users\MYSELF\medflect-mvp\server\middleware\rateLimiter.js:65:22
    at process.processTicksAndRejections (node:internal/process/task_queues:105:5) {"error":{},"rejection":true,"date":"Fri Aug 08 2025 09:08:28 GMT-0700 (Pacific Daylight Time)","process":{"pid":16832,"uid":null,"gid":null,"cwd":"C:\\Users\\MYSELF\\medflect-mvp","execPath":"C:\\Program Files\\nodejs\\node.exe","version":"v22.18.0","argv":["C:\\Program Files\\nodejs\\node.exe","C:\\Users\\MYSELF\\medflect-mvp\\server\\index.js"],"memoryUsage":{"rss":67035136,"heapTotal":34697216,"heapUsed":21124256,"external":2474860,"arrayBuffers":19539}},"os":{"loadavg":[0,0,0],"uptime":23323.843},"trace":[{"column":22,"file":"C:\\Users\\MYSELF\\medflect-mvp\\server\\middleware\\rateLimiter.js","function":null,"line":65,"method":null,"native":false},{"column":5,"file":"node:internal/process/task_queues","function":"process.processTicksAndRejections","line":105,"method":"processTicksAndRejections","native":false}],"service":"medflect-ai","hospital":"37 Military Hospital","environment":"development"}
TypeError: Cannot read properties of undefined (reading 'set')
    at C:\Users\MYSELF\medflect-mvp\server\middleware\rateLimiter.js:65:22
    at process.processTicksAndRejections (node:internal/process/task_queues:105:5)
2025-08-08 09:08:28 [ERROR]: unhandledRejection: Cannot read properties of undefined (reading 'set')
TypeError: Cannot read properties of undefined (reading 'set')
    at C:\Users\MYSELF\medflect-mvp\server\middleware\rateLimiter.js:65:22
    at process.processTicksAndRejections (node:internal/process/task_queues:105:5) {"error":{},"rejection":true,"date":"Fri Aug 08 2025 09:08:28 GMT-0700 (Pacific Daylight Time)","process":{"pid":17124,"uid":null,"gid":null,"cwd":"C:\\Users\\MYSELF\\medflect-mvp","execPath":"C:\\Program Files\\nodejs\\node.exe","version":"v22.18.0","argv":["C:\\Program Files\\nodejs\\node.exe","C:\\Users\\MYSELF\\medflect-mvp\\server\\index.js"],"memoryUsage":{"rss":67092480,"heapTotal":34697216,"heapUsed":20922952,"external":2474860,"arrayBuffers":19539}},"os":{"loadavg":[0,0,0],"uptime":23323.843},"trace":[{"column":22,"file":"C:\\Users\\MYSELF\\medflect-mvp\\server\\middleware\\rateLimiter.js","function":null,"line":65,"method":null,"native":false},{"column":5,"file":"node:internal/process/task_queues","function":"process.processTicksAndRejections","line":105,"method":"processTicksAndRejections","native":false}],"service":"medflect-ai","hospital":"37 Military Hospital","environment":"development"}
TypeError: Cannot read properties of undefined (reading 'set')
    at C:\Users\MYSELF\medflect-mvp\server\middleware\rateLimiter.js:65:22
    at process.processTicksAndRejections (node:internal/process/task_queues:105:5)
2025-08-08 09:08:55 [ERROR]: unhandledRejection: Cannot read properties of undefined (reading 'set')
TypeError: Cannot read properties of undefined (reading 'set')
    at C:\Users\MYSELF\medflect-mvp\server\middleware\rateLimiter.js:65:22
    at process.processTicksAndRejections (node:internal/process/task_queues:105:5) {"error":{},"rejection":true,"date":"Fri Aug 08 2025 09:08:55 GMT-0700 (Pacific Daylight Time)","process":{"pid":16668,"uid":null,"gid":null,"cwd":"C:\\Users\\MYSELF\\medflect-mvp","execPath":"C:\\Program Files\\nodejs\\node.exe","version":"v22.18.0","argv":["C:\\Program Files\\nodejs\\node.exe","C:\\Users\\MYSELF\\medflect-mvp\\server\\index.js"],"memoryUsage":{"rss":67424256,"heapTotal":34697216,"heapUsed":21047152,"external":2474860,"arrayBuffers":19539}},"os":{"loadavg":[0,0,0],"uptime":23351.281},"trace":[{"column":22,"file":"C:\\Users\\MYSELF\\medflect-mvp\\server\\middleware\\rateLimiter.js","function":null,"line":65,"method":null,"native":false},{"column":5,"file":"node:internal/process/task_queues","function":"process.processTicksAndRejections","line":105,"method":"processTicksAndRejections","native":false}],"service":"medflect-ai","hospital":"37 Military Hospital","environment":"development"}
TypeError: Cannot read properties of undefined (reading 'set')
    at C:\Users\MYSELF\medflect-mvp\server\middleware\rateLimiter.js:65:22
    at process.processTicksAndRejections (node:internal/process/task_queues:105:5)
2025-08-08 09:08:55 [ERROR]: unhandledRejection: Cannot read properties of undefined (reading 'set')
TypeError: Cannot read properties of undefined (reading 'set')
    at C:\Users\MYSELF\medflect-mvp\server\middleware\rateLimiter.js:65:22
    at process.processTicksAndRejections (node:internal/process/task_queues:105:5) {"error":{},"rejection":true,"date":"Fri Aug 08 2025 09:08:55 GMT-0700 (Pacific Daylight Time)","process":{"pid":13440,"uid":null,"gid":null,"cwd":"C:\\Users\\MYSELF\\medflect-mvp","execPath":"C:\\Program Files\\nodejs\\node.exe","version":"v22.18.0","argv":["C:\\Program Files\\nodejs\\node.exe","C:\\Users\\MYSELF\\medflect-mvp\\server\\index.js"],"memoryUsage":{"rss":67399680,"heapTotal":34959360,"heapUsed":21054944,"external":2474860,"arrayBuffers":19539}},"os":{"loadavg":[0,0,0],"uptime":23351.375},"trace":[{"column":22,"file":"C:\\Users\\MYSELF\\medflect-mvp\\server\\middleware\\rateLimiter.js","function":null,"line":65,"method":null,"native":false},{"column":5,"file":"node:internal/process/task_queues","function":"process.processTicksAndRejections","line":105,"method":"processTicksAndRejections","native":false}],"service":"medflect-ai","hospital":"37 Military Hospital","environment":"development"}
TypeError: Cannot read properties of undefined (reading 'set')
    at C:\Users\MYSELF\medflect-mvp\server\middleware\rateLimiter.js:65:22
    at process.processTicksAndRejections (node:internal/process/task_queues:105:5)
2025-08-08 09:10:03 [ERROR]: unhandledRejection: Cannot read properties of undefined (reading 'set')
TypeError: Cannot read properties of undefined (reading 'set')
    at C:\Users\MYSELF\medflect-mvp\server\middleware\rateLimiter.js:65:22
    at process.processTicksAndRejections (node:internal/process/task_queues:105:5) {"error":{},"rejection":true,"date":"Fri Aug 08 2025 09:10:03 GMT-0700 (Pacific Daylight Time)","process":{"pid":4032,"uid":null,"gid":null,"cwd":"C:\\Users\\MYSELF\\medflect-mvp","execPath":"C:\\Program Files\\nodejs\\node.exe","version":"v22.18.0","argv":["C:\\Program Files\\nodejs\\node.exe","C:\\Users\\MYSELF\\medflect-mvp\\server\\index.js"],"memoryUsage":{"rss":67420160,"heapTotal":34697216,"heapUsed":21109824,"external":2474860,"arrayBuffers":19539}},"os":{"loadavg":[0,0,0],"uptime":23419.078},"trace":[{"column":22,"file":"C:\\Users\\MYSELF\\medflect-mvp\\server\\middleware\\rateLimiter.js","function":null,"line":65,"method":null,"native":false},{"column":5,"file":"node:internal/process/task_queues","function":"process.processTicksAndRejections","line":105,"method":"processTicksAndRejections","native":false}],"service":"medflect-ai","hospital":"37 Military Hospital","environment":"development"}
TypeError: Cannot read properties of undefined (reading 'set')
    at C:\Users\MYSELF\medflect-mvp\server\middleware\rateLimiter.js:65:22
    at process.processTicksAndRejections (node:internal/process/task_queues:105:5)
2025-08-08 09:10:03 [ERROR]: unhandledRejection: Cannot read properties of undefined (reading 'set')
TypeError: Cannot read properties of undefined (reading 'set')
    at C:\Users\MYSELF\medflect-mvp\server\middleware\rateLimiter.js:65:22
    at process.processTicksAndRejections (node:internal/process/task_queues:105:5) {"error":{},"rejection":true,"date":"Fri Aug 08 2025 09:10:03 GMT-0700 (Pacific Daylight Time)","process":{"pid":8508,"uid":null,"gid":null,"cwd":"C:\\Users\\MYSELF\\medflect-mvp","execPath":"C:\\Program Files\\nodejs\\node.exe","version":"v22.18.0","argv":["C:\\Program Files\\nodejs\\node.exe","C:\\Users\\MYSELF\\medflect-mvp\\server\\index.js"],"memoryUsage":{"rss":67022848,"heapTotal":34697216,"heapUsed":21058288,"external":2474860,"arrayBuffers":19539}},"os":{"loadavg":[0,0,0],"uptime":23419.14},"trace":[{"column":22,"file":"C:\\Users\\MYSELF\\medflect-mvp\\server\\middleware\\rateLimiter.js","function":null,"line":65,"method":null,"native":false},{"column":5,"file":"node:internal/process/task_queues","function":"process.processTicksAndRejections","line":105,"method":"processTicksAndRejections","native":false}],"service":"medflect-ai","hospital":"37 Military Hospital","environment":"development"}
TypeError: Cannot read properties of undefined (reading 'set')
    at C:\Users\MYSELF\medflect-mvp\server\middleware\rateLimiter.js:65:22
    at process.processTicksAndRejections (node:internal/process/task_queues:105:5)
2025-08-08 09:11:03 [ERROR]: unhandledRejection: Cannot read properties of undefined (reading 'set')
TypeError: Cannot read properties of undefined (reading 'set')
    at C:\Users\MYSELF\medflect-mvp\server\middleware\rateLimiter.js:65:22
    at process.processTicksAndRejections (node:internal/process/task_queues:105:5) {"error":{},"rejection":true,"date":"Fri Aug 08 2025 09:11:03 GMT-0700 (Pacific Daylight Time)","process":{"pid":3056,"uid":null,"gid":null,"cwd":"C:\\Users\\MYSELF\\medflect-mvp","execPath":"C:\\Program Files\\nodejs\\node.exe","version":"v22.18.0","argv":["C:\\Program Files\\nodejs\\node.exe","C:\\Users\\MYSELF\\medflect-mvp\\server\\index.js"],"memoryUsage":{"rss":67387392,"heapTotal":34697216,"heapUsed":20952608,"external":2474860,"arrayBuffers":19539}},"os":{"loadavg":[0,0,0],"uptime":23479.437},"trace":[{"column":22,"file":"C:\\Users\\MYSELF\\medflect-mvp\\server\\middleware\\rateLimiter.js","function":null,"line":65,"method":null,"native":false},{"column":5,"file":"node:internal/process/task_queues","function":"process.processTicksAndRejections","line":105,"method":"processTicksAndRejections","native":false}],"service":"medflect-ai","hospital":"37 Military Hospital","environment":"development"}
TypeError: Cannot read properties of undefined (reading 'set')
    at C:\Users\MYSELF\medflect-mvp\server\middleware\rateLimiter.js:65:22
    at process.processTicksAndRejections (node:internal/process/task_queues:105:5)
2025-08-08 09:11:03 [ERROR]: unhandledRejection: Cannot read properties of undefined (reading 'set')
TypeError: Cannot read properties of undefined (reading 'set')
    at C:\Users\MYSELF\medflect-mvp\server\middleware\rateLimiter.js:65:22
    at process.processTicksAndRejections (node:internal/process/task_queues:105:5) {"error":{},"rejection":true,"date":"Fri Aug 08 2025 09:11:03 GMT-0700 (Pacific Daylight Time)","process":{"pid":256,"uid":null,"gid":null,"cwd":"C:\\Users\\MYSELF\\medflect-mvp","execPath":"C:\\Program Files\\nodejs\\node.exe","version":"v22.18.0","argv":["C:\\Program Files\\nodejs\\node.exe","C:\\Users\\MYSELF\\medflect-mvp\\server\\index.js"],"memoryUsage":{"rss":67432448,"heapTotal":34959360,"heapUsed":21177728,"external":2474860,"arrayBuffers":19539}},"os":{"loadavg":[0,0,0],"uptime":23479.609},"trace":[{"column":22,"file":"C:\\Users\\MYSELF\\medflect-mvp\\server\\middleware\\rateLimiter.js","function":null,"line":65,"method":null,"native":false},{"column":5,"file":"node:internal/process/task_queues","function":"process.processTicksAndRejections","line":105,"method":"processTicksAndRejections","native":false}],"service":"medflect-ai","hospital":"37 Military Hospital","environment":"development"}
TypeError: Cannot read properties of undefined (reading 'set')
    at C:\Users\MYSELF\medflect-mvp\server\middleware\rateLimiter.js:65:22
    at process.processTicksAndRejections (node:internal/process/task_queues:105:5)
2025-08-08 09:11:29 [ERROR]: unhandledRejection: Cannot read properties of undefined (reading 'set')
TypeError: Cannot read properties of undefined (reading 'set')
    at C:\Users\MYSELF\medflect-mvp\server\middleware\rateLimiter.js:65:22
    at process.processTicksAndRejections (node:internal/process/task_queues:105:5) {"error":{},"rejection":true,"date":"Fri Aug 08 2025 09:11:29 GMT-0700 (Pacific Daylight Time)","process":{"pid":15984,"uid":null,"gid":null,"cwd":"C:\\Users\\MYSELF\\medflect-mvp","execPath":"C:\\Program Files\\nodejs\\node.exe","version":"v22.18.0","argv":["C:\\Program Files\\nodejs\\node.exe","C:\\Users\\MYSELF\\medflect-mvp\\server\\index.js"],"memoryUsage":{"rss":67633152,"heapTotal":34959360,"heapUsed":21083840,"external":2474860,"arrayBuffers":19539}},"os":{"loadavg":[0,0,0],"uptime":23505.093},"trace":[{"column":22,"file":"C:\\Users\\MYSELF\\medflect-mvp\\server\\middleware\\rateLimiter.js","function":null,"line":65,"method":null,"native":false},{"column":5,"file":"node:internal/process/task_queues","function":"process.processTicksAndRejections","line":105,"method":"processTicksAndRejections","native":false}],"service":"medflect-ai","hospital":"37 Military Hospital","environment":"development"}
TypeError: Cannot read properties of undefined (reading 'set')
    at C:\Users\MYSELF\medflect-mvp\server\middleware\rateLimiter.js:65:22
    at process.processTicksAndRejections (node:internal/process/task_queues:105:5)
2025-08-08 09:11:29 [ERROR]: unhandledRejection: Cannot read properties of undefined (reading 'set')
TypeError: Cannot read properties of undefined (reading 'set')
    at C:\Users\MYSELF\medflect-mvp\server\middleware\rateLimiter.js:65:22
    at process.processTicksAndRejections (node:internal/process/task_queues:105:5) {"error":{},"rejection":true,"date":"Fri Aug 08 2025 09:11:29 GMT-0700 (Pacific Daylight Time)","process":{"pid":16980,"uid":null,"gid":null,"cwd":"C:\\Users\\MYSELF\\medflect-mvp","execPath":"C:\\Program Files\\nodejs\\node.exe","version":"v22.18.0","argv":["C:\\Program Files\\nodejs\\node.exe","C:\\Users\\MYSELF\\medflect-mvp\\server\\index.js"],"memoryUsage":{"rss":67289088,"heapTotal":34697216,"heapUsed":21037888,"external":2474860,"arrayBuffers":19539}},"os":{"loadavg":[0,0,0],"uptime":23505.14},"trace":[{"column":22,"file":"C:\\Users\\MYSELF\\medflect-mvp\\server\\middleware\\rateLimiter.js","function":null,"line":65,"method":null,"native":false},{"column":5,"file":"node:internal/process/task_queues","function":"process.processTicksAndRejections","line":105,"method":"processTicksAndRejections","native":false}],"service":"medflect-ai","hospital":"37 Military Hospital","environment":"development"}
TypeError: Cannot read properties of undefined (reading 'set')
    at C:\Users\MYSELF\medflect-mvp\server\middleware\rateLimiter.js:65:22
    at process.processTicksAndRejections (node:internal/process/task_queues:105:5)
2025-08-08 09:11:50 [ERROR]: unhandledRejection: Cannot read properties of undefined (reading 'set')
TypeError: Cannot read properties of undefined (reading 'set')
    at C:\Users\MYSELF\medflect-mvp\server\middleware\rateLimiter.js:65:22
    at process.processTicksAndRejections (node:internal/process/task_queues:105:5) {"error":{},"rejection":true,"date":"Fri Aug 08 2025 09:11:50 GMT-0700 (Pacific Daylight Time)","process":{"pid":16988,"uid":null,"gid":null,"cwd":"C:\\Users\\MYSELF\\medflect-mvp","execPath":"C:\\Program Files\\nodejs\\node.exe","version":"v22.18.0","argv":["C:\\Program Files\\nodejs\\node.exe","C:\\Users\\MYSELF\\medflect-mvp\\server\\index.js"],"memoryUsage":{"rss":67248128,"heapTotal":34697216,"heapUsed":21066576,"external":2474860,"arrayBuffers":19539}},"os":{"loadavg":[0,0,0],"uptime":23526.453},"trace":[{"column":22,"file":"C:\\Users\\MYSELF\\medflect-mvp\\server\\middleware\\rateLimiter.js","function":null,"line":65,"method":null,"native":false},{"column":5,"file":"node:internal/process/task_queues","function":"process.processTicksAndRejections","line":105,"method":"processTicksAndRejections","native":false}],"service":"medflect-ai","hospital":"37 Military Hospital","environment":"development"}
TypeError: Cannot read properties of undefined (reading 'set')
    at C:\Users\MYSELF\medflect-mvp\server\middleware\rateLimiter.js:65:22
    at process.processTicksAndRejections (node:internal/process/task_queues:105:5)
2025-08-08 09:11:50 [ERROR]: unhandledRejection: Cannot read properties of undefined (reading 'set')
TypeError: Cannot read properties of undefined (reading 'set')
    at C:\Users\MYSELF\medflect-mvp\server\middleware\rateLimiter.js:65:22
    at process.processTicksAndRejections (node:internal/process/task_queues:105:5) {"error":{},"rejection":true,"date":"Fri Aug 08 2025 09:11:50 GMT-0700 (Pacific Daylight Time)","process":{"pid":16912,"uid":null,"gid":null,"cwd":"C:\\Users\\MYSELF\\medflect-mvp","execPath":"C:\\Program Files\\nodejs\\node.exe","version":"v22.18.0","argv":["C:\\Program Files\\nodejs\\node.exe","C:\\Users\\MYSELF\\medflect-mvp\\server\\index.js"],"memoryUsage":{"rss":67571712,"heapTotal":34697216,"heapUsed":21113904,"external":2474860,"arrayBuffers":19539}},"os":{"loadavg":[0,0,0],"uptime":23526.64},"trace":[{"column":22,"file":"C:\\Users\\MYSELF\\medflect-mvp\\server\\middleware\\rateLimiter.js","function":null,"line":65,"method":null,"native":false},{"column":5,"file":"node:internal/process/task_queues","function":"process.processTicksAndRejections","line":105,"method":"processTicksAndRejections","native":false}],"service":"medflect-ai","hospital":"37 Military Hospital","environment":"development"}
TypeError: Cannot read properties of undefined (reading 'set')
    at C:\Users\MYSELF\medflect-mvp\server\middleware\rateLimiter.js:65:22
    at process.processTicksAndRejections (node:internal/process/task_queues:105:5)
2025-08-08 09:12:38 [ERROR]: unhandledRejection: Cannot read properties of undefined (reading 'set')
TypeError: Cannot read properties of undefined (reading 'set')
    at C:\Users\MYSELF\medflect-mvp\server\middleware\rateLimiter.js:65:22
    at process.processTicksAndRejections (node:internal/process/task_queues:105:5) {"error":{},"rejection":true,"date":"Fri Aug 08 2025 09:12:38 GMT-0700 (Pacific Daylight Time)","process":{"pid":3660,"uid":null,"gid":null,"cwd":"C:\\Users\\MYSELF\\medflect-mvp","execPath":"C:\\Program Files\\nodejs\\node.exe","version":"v22.18.0","argv":["C:\\Program Files\\nodejs\\node.exe","C:\\Users\\MYSELF\\medflect-mvp\\server\\index.js"],"memoryUsage":{"rss":66150400,"heapTotal":36274176,"heapUsed":21702752,"external":2448496,"arrayBuffers":19363}},"os":{"loadavg":[0,0,0],"uptime":23574.031},"trace":[{"column":22,"file":"C:\\Users\\MYSELF\\medflect-mvp\\server\\middleware\\rateLimiter.js","function":null,"line":65,"method":null,"native":false},{"column":5,"file":"node:internal/process/task_queues","function":"process.processTicksAndRejections","line":105,"method":"processTicksAndRejections","native":false}],"service":"medflect-ai","hospital":"37 Military Hospital","environment":"development"}
TypeError: Cannot read properties of undefined (reading 'set')
    at C:\Users\MYSELF\medflect-mvp\server\middleware\rateLimiter.js:65:22
    at process.processTicksAndRejections (node:internal/process/task_queues:105:5)
